Build started 4/11/2015 5:35:16 PM.
     1>Project "C:\Users\Loistava\Documents\GitHub\Dalmuti\Dalmuti\Dalmuti.vcxproj" on node 2 (Build target(s)).
     1>ClCompile:
         H:\Hurja\VC\bin\CL.exe /c /ZI /nologo /W3 /WX- /sdl /Od /Oy- /D _MBCS /Gm /EHsc /RTC1 /MDd /GS /fp:precise /Zc:wchar_t /Zc:forScope /Fo"Debug\\" /Fd"Debug\vc120.pdb" /Gd /TP /analyze- /errorReport:prompt Table.cpp
         Table.cpp
     1>c:\users\loistava\documents\github\dalmuti\dalmuti\table.cpp(56): warning C4390: ';' : empty controlled statement found; is this the intent?
     1>c:\users\loistava\documents\github\dalmuti\dalmuti\table.cpp(91): warning C4018: '<' : signed/unsigned mismatch
     1>c:\users\loistava\documents\github\dalmuti\dalmuti\table.cpp(105): warning C4018: '<' : signed/unsigned mismatch
     1>c:\users\loistava\documents\github\dalmuti\dalmuti\table.cpp(117): warning C4715: 'Table::CheckHand' : not all control paths return a value
       Link:
         H:\Hurja\VC\bin\link.exe /ERRORREPORT:PROMPT /OUT:"C:\Users\Loistava\Documents\GitHub\Dalmuti\Debug\Dalmuti.exe" /INCREMENTAL /NOLOGO kernel32.lib user32.lib gdi32.lib winspool.lib comdlg32.lib advapi32.lib shell32.lib ole32.lib oleaut32.lib uuid.lib odbc32.lib odbccp32.lib /MANIFEST /MANIFESTUAC:"level='asInvoker' uiAccess='false'" /manifest:embed /DEBUG /PDB:"C:\Users\Loistava\Documents\GitHub\Dalmuti\Debug\Dalmuti.pdb" /TLBID:1 /DYNAMICBASE /NXCOMPAT /IMPLIB:"C:\Users\Loistava\Documents\GitHub\Dalmuti\Debug\Dalmuti.lib" /MACHINE:X86 Debug\AlluAI.obj
         Debug\Card.obj
         Debug\Deck.obj
         Debug\GameGenerator.obj
         Debug\main.obj
         Debug\Player.obj
         Debug\Table.obj
         Debug\VesaAly.obj
         Dalmuti.vcxproj -> C:\Users\Loistava\Documents\GitHub\Dalmuti\Debug\Dalmuti.exe
     1>Done Building Project "C:\Users\Loistava\Documents\GitHub\Dalmuti\Dalmuti\Dalmuti.vcxproj" (Build target(s)).

Build succeeded.

Time Elapsed 00:00:00.64
